<?xml version="1.0" encoding="UTF-8"?>
<testsuite name="ru.otus.jpql.JpqlTest" tests="5" skipped="0" failures="0" errors="0" timestamp="2023-08-13T14:41:50" hostname="DESKTOP-798OPVM" time="4.347">
  <properties/>
  <testcase name="должен изменять имя заданного студента по его id" classname="ru.otus.jpql.JpqlTest" time="3.209"/>
  <testcase name="должен загружать информацию о нужном студенте по его имени" classname="ru.otus.jpql.JpqlTest" time="0.437"/>
  <testcase name="должен удалять заданный email по его id" classname="ru.otus.jpql.JpqlTest" time="0.223"/>
  <testcase name="должен загружать ожидаемый список студентов по номеру страницы" classname="ru.otus.jpql.JpqlTest" time="0.246"/>
  <testcase name="должен загружать список всех студентов с полной информацией о них" classname="ru.otus.jpql.JpqlTest" time="0.228"/>
  <system-out><![CDATA[2023-08-13_19:41:52.221 INFO  SQL dialect - HHH000400: Using dialect: org.hibernate.dialect.H2Dialect
Hibernate: drop table if exists avatars cascade 
Hibernate: drop table if exists courses cascade 
Hibernate: drop table if exists emails cascade 
Hibernate: drop table if exists student_courses cascade 
Hibernate: drop table if exists students cascade 
Hibernate: create table avatars (id bigint generated by default as identity, photo_url varchar(255), primary key (id))
Hibernate: create table courses (id bigint generated by default as identity, course_name varchar(255), primary key (id))
Hibernate: create table emails (id bigint generated by default as identity, email_address varchar(255), student_id bigint, primary key (id))
Hibernate: create table student_courses (student_id bigint not null, course_id bigint not null)
Hibernate: create table students (id bigint generated by default as identity, student_name varchar(255), avatar_id bigint, primary key (id))
Hibernate: alter table if exists emails add constraint FKt8n2ta94msexownml4wddr6ug foreign key (student_id) references students
Hibernate: alter table if exists student_courses add constraint FKsfpq78oyrqua1h0obpl7ulc18 foreign key (course_id) references courses
Hibernate: alter table if exists student_courses add constraint FKwj1l0mta35u161acdl2tupoo foreign key (student_id) references students
Hibernate: alter table if exists students add constraint FKaw1ddp6krgxjis7t4i5h38d4d foreign key (avatar_id) references avatars
Hibernate: insert into avatars (id, photo_url) values (default, ?)
Hibernate: insert into students (id, avatar_id, student_name) values (default, ?, ?)
Hibernate: insert into courses (id, course_name) values (default, ?)
Hibernate: insert into emails (id, email_address) values (default, ?)
Hibernate: insert into student_courses (student_id, course_id) values (?, ?)
Hibernate: update emails set student_id=? where id=?
Hibernate: insert into avatars (id, photo_url) values (default, ?)
Hibernate: insert into students (id, avatar_id, student_name) values (default, ?, ?)
Hibernate: insert into courses (id, course_name) values (default, ?)
Hibernate: insert into emails (id, email_address) values (default, ?)
Hibernate: insert into student_courses (student_id, course_id) values (?, ?)
Hibernate: update emails set student_id=? where id=?
Hibernate: insert into avatars (id, photo_url) values (default, ?)
Hibernate: insert into students (id, avatar_id, student_name) values (default, ?, ?)
Hibernate: insert into courses (id, course_name) values (default, ?)
Hibernate: insert into emails (id, email_address) values (default, ?)
Hibernate: insert into student_courses (student_id, course_id) values (?, ?)
Hibernate: update emails set student_id=? where id=?
Hibernate: insert into avatars (id, photo_url) values (default, ?)
Hibernate: insert into students (id, avatar_id, student_name) values (default, ?, ?)
Hibernate: insert into courses (id, course_name) values (default, ?)
Hibernate: insert into emails (id, email_address) values (default, ?)
Hibernate: insert into student_courses (student_id, course_id) values (?, ?)
Hibernate: update emails set student_id=? where id=?
Hibernate: insert into avatars (id, photo_url) values (default, ?)
Hibernate: insert into students (id, avatar_id, student_name) values (default, ?, ?)
Hibernate: insert into courses (id, course_name) values (default, ?)
Hibernate: insert into emails (id, email_address) values (default, ?)
Hibernate: insert into student_courses (student_id, course_id) values (?, ?)
Hibernate: update emails set student_id=? where id=?
Hibernate: insert into avatars (id, photo_url) values (default, ?)
Hibernate: insert into students (id, avatar_id, student_name) values (default, ?, ?)
Hibernate: insert into courses (id, course_name) values (default, ?)
Hibernate: insert into emails (id, email_address) values (default, ?)
Hibernate: insert into student_courses (student_id, course_id) values (?, ?)
Hibernate: update emails set student_id=? where id=?
Hibernate: insert into avatars (id, photo_url) values (default, ?)
Hibernate: insert into students (id, avatar_id, student_name) values (default, ?, ?)
Hibernate: insert into courses (id, course_name) values (default, ?)
Hibernate: insert into emails (id, email_address) values (default, ?)
Hibernate: insert into student_courses (student_id, course_id) values (?, ?)
Hibernate: update emails set student_id=? where id=?
Hibernate: insert into avatars (id, photo_url) values (default, ?)
Hibernate: insert into students (id, avatar_id, student_name) values (default, ?, ?)
Hibernate: insert into courses (id, course_name) values (default, ?)
Hibernate: insert into emails (id, email_address) values (default, ?)
Hibernate: insert into student_courses (student_id, course_id) values (?, ?)
Hibernate: update emails set student_id=? where id=?
Hibernate: insert into avatars (id, photo_url) values (default, ?)
Hibernate: insert into students (id, avatar_id, student_name) values (default, ?, ?)
Hibernate: insert into courses (id, course_name) values (default, ?)
Hibernate: insert into emails (id, email_address) values (default, ?)
Hibernate: insert into student_courses (student_id, course_id) values (?, ?)
Hibernate: update emails set student_id=? where id=?
Hibernate: insert into avatars (id, photo_url) values (default, ?)
Hibernate: insert into students (id, avatar_id, student_name) values (default, ?, ?)
Hibernate: insert into courses (id, course_name) values (default, ?)
Hibernate: insert into emails (id, email_address) values (default, ?)
Hibernate: insert into student_courses (student_id, course_id) values (?, ?)
Hibernate: update emails set student_id=? where id=?
Hibernate: select o1_0.id,a1_0.id,a1_0.photo_url,o1_0.student_name from students o1_0 left join avatars a1_0 on a1_0.id=o1_0.avatar_id where o1_0.id=?
Hibernate: update students set student_name=? where id=?
Hibernate: select o1_0.id,a1_0.id,a1_0.photo_url,o1_0.student_name from students o1_0 left join avatars a1_0 on a1_0.id=o1_0.avatar_id where o1_0.id=?
2023-08-13_19:41:54.213 INFO  SQL dialect - HHH000400: Using dialect: org.hibernate.dialect.H2Dialect
Hibernate: drop table if exists avatars cascade 
Hibernate: drop table if exists courses cascade 
Hibernate: drop table if exists emails cascade 
Hibernate: drop table if exists student_courses cascade 
Hibernate: drop table if exists students cascade 
Hibernate: create table avatars (id bigint generated by default as identity, photo_url varchar(255), primary key (id))
Hibernate: create table courses (id bigint generated by default as identity, course_name varchar(255), primary key (id))
Hibernate: create table emails (id bigint generated by default as identity, email_address varchar(255), student_id bigint, primary key (id))
Hibernate: create table student_courses (student_id bigint not null, course_id bigint not null)
Hibernate: create table students (id bigint generated by default as identity, student_name varchar(255), avatar_id bigint, primary key (id))
Hibernate: alter table if exists emails add constraint FKt8n2ta94msexownml4wddr6ug foreign key (student_id) references students
Hibernate: alter table if exists student_courses add constraint FKsfpq78oyrqua1h0obpl7ulc18 foreign key (course_id) references courses
Hibernate: alter table if exists student_courses add constraint FKwj1l0mta35u161acdl2tupoo foreign key (student_id) references students
Hibernate: alter table if exists students add constraint FKaw1ddp6krgxjis7t4i5h38d4d foreign key (avatar_id) references avatars
Hibernate: insert into avatars (id, photo_url) values (default, ?)
Hibernate: insert into students (id, avatar_id, student_name) values (default, ?, ?)
Hibernate: insert into courses (id, course_name) values (default, ?)
Hibernate: insert into emails (id, email_address) values (default, ?)
Hibernate: insert into student_courses (student_id, course_id) values (?, ?)
Hibernate: update emails set student_id=? where id=?
Hibernate: insert into avatars (id, photo_url) values (default, ?)
Hibernate: insert into students (id, avatar_id, student_name) values (default, ?, ?)
Hibernate: insert into courses (id, course_name) values (default, ?)
Hibernate: insert into emails (id, email_address) values (default, ?)
Hibernate: insert into student_courses (student_id, course_id) values (?, ?)
Hibernate: update emails set student_id=? where id=?
Hibernate: insert into avatars (id, photo_url) values (default, ?)
Hibernate: insert into students (id, avatar_id, student_name) values (default, ?, ?)
Hibernate: insert into courses (id, course_name) values (default, ?)
Hibernate: insert into emails (id, email_address) values (default, ?)
Hibernate: insert into student_courses (student_id, course_id) values (?, ?)
Hibernate: update emails set student_id=? where id=?
Hibernate: insert into avatars (id, photo_url) values (default, ?)
Hibernate: insert into students (id, avatar_id, student_name) values (default, ?, ?)
Hibernate: insert into courses (id, course_name) values (default, ?)
Hibernate: insert into emails (id, email_address) values (default, ?)
Hibernate: insert into student_courses (student_id, course_id) values (?, ?)
Hibernate: update emails set student_id=? where id=?
Hibernate: insert into avatars (id, photo_url) values (default, ?)
Hibernate: insert into students (id, avatar_id, student_name) values (default, ?, ?)
Hibernate: insert into courses (id, course_name) values (default, ?)
Hibernate: insert into emails (id, email_address) values (default, ?)
Hibernate: insert into student_courses (student_id, course_id) values (?, ?)
Hibernate: update emails set student_id=? where id=?
Hibernate: insert into avatars (id, photo_url) values (default, ?)
Hibernate: insert into students (id, avatar_id, student_name) values (default, ?, ?)
Hibernate: insert into courses (id, course_name) values (default, ?)
Hibernate: insert into emails (id, email_address) values (default, ?)
Hibernate: insert into student_courses (student_id, course_id) values (?, ?)
Hibernate: update emails set student_id=? where id=?
Hibernate: insert into avatars (id, photo_url) values (default, ?)
Hibernate: insert into students (id, avatar_id, student_name) values (default, ?, ?)
Hibernate: insert into courses (id, course_name) values (default, ?)
Hibernate: insert into emails (id, email_address) values (default, ?)
Hibernate: insert into student_courses (student_id, course_id) values (?, ?)
Hibernate: update emails set student_id=? where id=?
Hibernate: insert into avatars (id, photo_url) values (default, ?)
Hibernate: insert into students (id, avatar_id, student_name) values (default, ?, ?)
Hibernate: insert into courses (id, course_name) values (default, ?)
Hibernate: insert into emails (id, email_address) values (default, ?)
Hibernate: insert into student_courses (student_id, course_id) values (?, ?)
Hibernate: update emails set student_id=? where id=?
Hibernate: insert into avatars (id, photo_url) values (default, ?)
Hibernate: insert into students (id, avatar_id, student_name) values (default, ?, ?)
Hibernate: insert into courses (id, course_name) values (default, ?)
Hibernate: insert into emails (id, email_address) values (default, ?)
Hibernate: insert into student_courses (student_id, course_id) values (?, ?)
Hibernate: update emails set student_id=? where id=?
Hibernate: insert into avatars (id, photo_url) values (default, ?)
Hibernate: insert into students (id, avatar_id, student_name) values (default, ?, ?)
Hibernate: insert into courses (id, course_name) values (default, ?)
Hibernate: insert into emails (id, email_address) values (default, ?)
Hibernate: insert into student_courses (student_id, course_id) values (?, ?)
Hibernate: update emails set student_id=? where id=?
Hibernate: select o1_0.id,o1_0.avatar_id,o1_0.student_name from students o1_0 where o1_0.student_name=?
Hibernate: select a1_0.id,a1_0.photo_url from avatars a1_0 where a1_0.id=?
Hibernate: select c1_0.student_id,c1_1.id,c1_1.course_name from student_courses c1_0 join courses c1_1 on c1_1.id=c1_0.course_id where c1_0.student_id=?
Hibernate: select e1_0.student_id,e1_0.id,e1_0.email_address from emails e1_0 where e1_0.student_id=?
2023-08-13_19:41:54.661 INFO  SQL dialect - HHH000400: Using dialect: org.hibernate.dialect.H2Dialect
Hibernate: drop table if exists avatars cascade 
Hibernate: drop table if exists courses cascade 
Hibernate: drop table if exists emails cascade 
Hibernate: drop table if exists student_courses cascade 
Hibernate: drop table if exists students cascade 
Hibernate: create table avatars (id bigint generated by default as identity, photo_url varchar(255), primary key (id))
Hibernate: create table courses (id bigint generated by default as identity, course_name varchar(255), primary key (id))
Hibernate: create table emails (id bigint generated by default as identity, email_address varchar(255), student_id bigint, primary key (id))
Hibernate: create table student_courses (student_id bigint not null, course_id bigint not null)
Hibernate: create table students (id bigint generated by default as identity, student_name varchar(255), avatar_id bigint, primary key (id))
Hibernate: alter table if exists emails add constraint FKt8n2ta94msexownml4wddr6ug foreign key (student_id) references students
Hibernate: alter table if exists student_courses add constraint FKsfpq78oyrqua1h0obpl7ulc18 foreign key (course_id) references courses
Hibernate: alter table if exists student_courses add constraint FKwj1l0mta35u161acdl2tupoo foreign key (student_id) references students
Hibernate: alter table if exists students add constraint FKaw1ddp6krgxjis7t4i5h38d4d foreign key (avatar_id) references avatars
Hibernate: insert into avatars (id, photo_url) values (default, ?)
Hibernate: insert into students (id, avatar_id, student_name) values (default, ?, ?)
Hibernate: insert into courses (id, course_name) values (default, ?)
Hibernate: insert into emails (id, email_address) values (default, ?)
Hibernate: insert into student_courses (student_id, course_id) values (?, ?)
Hibernate: update emails set student_id=? where id=?
Hibernate: insert into avatars (id, photo_url) values (default, ?)
Hibernate: insert into students (id, avatar_id, student_name) values (default, ?, ?)
Hibernate: insert into courses (id, course_name) values (default, ?)
Hibernate: insert into emails (id, email_address) values (default, ?)
Hibernate: insert into student_courses (student_id, course_id) values (?, ?)
Hibernate: update emails set student_id=? where id=?
Hibernate: insert into avatars (id, photo_url) values (default, ?)
Hibernate: insert into students (id, avatar_id, student_name) values (default, ?, ?)
Hibernate: insert into courses (id, course_name) values (default, ?)
Hibernate: insert into emails (id, email_address) values (default, ?)
Hibernate: insert into student_courses (student_id, course_id) values (?, ?)
Hibernate: update emails set student_id=? where id=?
Hibernate: insert into avatars (id, photo_url) values (default, ?)
Hibernate: insert into students (id, avatar_id, student_name) values (default, ?, ?)
Hibernate: insert into courses (id, course_name) values (default, ?)
Hibernate: insert into emails (id, email_address) values (default, ?)
Hibernate: insert into student_courses (student_id, course_id) values (?, ?)
Hibernate: update emails set student_id=? where id=?
Hibernate: insert into avatars (id, photo_url) values (default, ?)
Hibernate: insert into students (id, avatar_id, student_name) values (default, ?, ?)
Hibernate: insert into courses (id, course_name) values (default, ?)
Hibernate: insert into emails (id, email_address) values (default, ?)
Hibernate: insert into student_courses (student_id, course_id) values (?, ?)
Hibernate: update emails set student_id=? where id=?
Hibernate: insert into avatars (id, photo_url) values (default, ?)
Hibernate: insert into students (id, avatar_id, student_name) values (default, ?, ?)
Hibernate: insert into courses (id, course_name) values (default, ?)
Hibernate: insert into emails (id, email_address) values (default, ?)
Hibernate: insert into student_courses (student_id, course_id) values (?, ?)
Hibernate: update emails set student_id=? where id=?
Hibernate: insert into avatars (id, photo_url) values (default, ?)
Hibernate: insert into students (id, avatar_id, student_name) values (default, ?, ?)
Hibernate: insert into courses (id, course_name) values (default, ?)
Hibernate: insert into emails (id, email_address) values (default, ?)
Hibernate: insert into student_courses (student_id, course_id) values (?, ?)
Hibernate: update emails set student_id=? where id=?
Hibernate: insert into avatars (id, photo_url) values (default, ?)
Hibernate: insert into students (id, avatar_id, student_name) values (default, ?, ?)
Hibernate: insert into courses (id, course_name) values (default, ?)
Hibernate: insert into emails (id, email_address) values (default, ?)
Hibernate: insert into student_courses (student_id, course_id) values (?, ?)
Hibernate: update emails set student_id=? where id=?
Hibernate: insert into avatars (id, photo_url) values (default, ?)
Hibernate: insert into students (id, avatar_id, student_name) values (default, ?, ?)
Hibernate: insert into courses (id, course_name) values (default, ?)
Hibernate: insert into emails (id, email_address) values (default, ?)
Hibernate: insert into student_courses (student_id, course_id) values (?, ?)
Hibernate: update emails set student_id=? where id=?
Hibernate: insert into avatars (id, photo_url) values (default, ?)
Hibernate: insert into students (id, avatar_id, student_name) values (default, ?, ?)
Hibernate: insert into courses (id, course_name) values (default, ?)
Hibernate: insert into emails (id, email_address) values (default, ?)
Hibernate: insert into student_courses (student_id, course_id) values (?, ?)
Hibernate: update emails set student_id=? where id=?
Hibernate: select e1_0.id,e1_0.email_address from emails e1_0 where e1_0.id=?
Hibernate: delete from emails where id=?
Hibernate: select e1_0.id,e1_0.email_address from emails e1_0 where e1_0.id=?
2023-08-13_19:41:54.874 INFO  SQL dialect - HHH000400: Using dialect: org.hibernate.dialect.H2Dialect
Hibernate: drop table if exists avatars cascade 
Hibernate: drop table if exists courses cascade 
Hibernate: drop table if exists emails cascade 
Hibernate: drop table if exists student_courses cascade 
Hibernate: drop table if exists students cascade 
Hibernate: create table avatars (id bigint generated by default as identity, photo_url varchar(255), primary key (id))
Hibernate: create table courses (id bigint generated by default as identity, course_name varchar(255), primary key (id))
Hibernate: create table emails (id bigint generated by default as identity, email_address varchar(255), student_id bigint, primary key (id))
Hibernate: create table student_courses (student_id bigint not null, course_id bigint not null)
Hibernate: create table students (id bigint generated by default as identity, student_name varchar(255), avatar_id bigint, primary key (id))
Hibernate: alter table if exists emails add constraint FKt8n2ta94msexownml4wddr6ug foreign key (student_id) references students
Hibernate: alter table if exists student_courses add constraint FKsfpq78oyrqua1h0obpl7ulc18 foreign key (course_id) references courses
Hibernate: alter table if exists student_courses add constraint FKwj1l0mta35u161acdl2tupoo foreign key (student_id) references students
Hibernate: alter table if exists students add constraint FKaw1ddp6krgxjis7t4i5h38d4d foreign key (avatar_id) references avatars
Hibernate: insert into avatars (id, photo_url) values (default, ?)
Hibernate: insert into students (id, avatar_id, student_name) values (default, ?, ?)
Hibernate: insert into courses (id, course_name) values (default, ?)
Hibernate: insert into emails (id, email_address) values (default, ?)
Hibernate: insert into student_courses (student_id, course_id) values (?, ?)
Hibernate: update emails set student_id=? where id=?
Hibernate: insert into avatars (id, photo_url) values (default, ?)
Hibernate: insert into students (id, avatar_id, student_name) values (default, ?, ?)
Hibernate: insert into courses (id, course_name) values (default, ?)
Hibernate: insert into emails (id, email_address) values (default, ?)
Hibernate: insert into student_courses (student_id, course_id) values (?, ?)
Hibernate: update emails set student_id=? where id=?
Hibernate: insert into avatars (id, photo_url) values (default, ?)
Hibernate: insert into students (id, avatar_id, student_name) values (default, ?, ?)
Hibernate: insert into courses (id, course_name) values (default, ?)
Hibernate: insert into emails (id, email_address) values (default, ?)
Hibernate: insert into student_courses (student_id, course_id) values (?, ?)
Hibernate: update emails set student_id=? where id=?
Hibernate: insert into avatars (id, photo_url) values (default, ?)
Hibernate: insert into students (id, avatar_id, student_name) values (default, ?, ?)
Hibernate: insert into courses (id, course_name) values (default, ?)
Hibernate: insert into emails (id, email_address) values (default, ?)
Hibernate: insert into student_courses (student_id, course_id) values (?, ?)
Hibernate: update emails set student_id=? where id=?
Hibernate: insert into avatars (id, photo_url) values (default, ?)
Hibernate: insert into students (id, avatar_id, student_name) values (default, ?, ?)
Hibernate: insert into courses (id, course_name) values (default, ?)
Hibernate: insert into emails (id, email_address) values (default, ?)
Hibernate: insert into student_courses (student_id, course_id) values (?, ?)
Hibernate: update emails set student_id=? where id=?
Hibernate: insert into avatars (id, photo_url) values (default, ?)
Hibernate: insert into students (id, avatar_id, student_name) values (default, ?, ?)
Hibernate: insert into courses (id, course_name) values (default, ?)
Hibernate: insert into emails (id, email_address) values (default, ?)
Hibernate: insert into student_courses (student_id, course_id) values (?, ?)
Hibernate: update emails set student_id=? where id=?
Hibernate: insert into avatars (id, photo_url) values (default, ?)
Hibernate: insert into students (id, avatar_id, student_name) values (default, ?, ?)
Hibernate: insert into courses (id, course_name) values (default, ?)
Hibernate: insert into emails (id, email_address) values (default, ?)
Hibernate: insert into student_courses (student_id, course_id) values (?, ?)
Hibernate: update emails set student_id=? where id=?
Hibernate: insert into avatars (id, photo_url) values (default, ?)
Hibernate: insert into students (id, avatar_id, student_name) values (default, ?, ?)
Hibernate: insert into courses (id, course_name) values (default, ?)
Hibernate: insert into emails (id, email_address) values (default, ?)
Hibernate: insert into student_courses (student_id, course_id) values (?, ?)
Hibernate: update emails set student_id=? where id=?
Hibernate: insert into avatars (id, photo_url) values (default, ?)
Hibernate: insert into students (id, avatar_id, student_name) values (default, ?, ?)
Hibernate: insert into courses (id, course_name) values (default, ?)
Hibernate: insert into emails (id, email_address) values (default, ?)
Hibernate: insert into student_courses (student_id, course_id) values (?, ?)
Hibernate: update emails set student_id=? where id=?
Hibernate: insert into avatars (id, photo_url) values (default, ?)
Hibernate: insert into students (id, avatar_id, student_name) values (default, ?, ?)
Hibernate: insert into courses (id, course_name) values (default, ?)
Hibernate: insert into emails (id, email_address) values (default, ?)
Hibernate: insert into student_courses (student_id, course_id) values (?, ?)
Hibernate: update emails set student_id=? where id=?
Hibernate: select count(o1_0.id) from students o1_0
Hibernate: select o1_0.id,o1_0.avatar_id,o1_0.student_name from students o1_0 offset ? rows fetch first ? rows only
Hibernate: select a1_0.id,a1_0.photo_url from avatars a1_0 where a1_0.id=?
Hibernate: select a1_0.id,a1_0.photo_url from avatars a1_0 where a1_0.id=?
Hibernate: select a1_0.id,a1_0.photo_url from avatars a1_0 where a1_0.id=?
2023-08-13_19:41:55.120 INFO  SQL dialect - HHH000400: Using dialect: org.hibernate.dialect.H2Dialect
Hibernate: drop table if exists avatars cascade 
Hibernate: drop table if exists courses cascade 
Hibernate: drop table if exists emails cascade 
Hibernate: drop table if exists student_courses cascade 
Hibernate: drop table if exists students cascade 
Hibernate: create table avatars (id bigint generated by default as identity, photo_url varchar(255), primary key (id))
Hibernate: create table courses (id bigint generated by default as identity, course_name varchar(255), primary key (id))
Hibernate: create table emails (id bigint generated by default as identity, email_address varchar(255), student_id bigint, primary key (id))
Hibernate: create table student_courses (student_id bigint not null, course_id bigint not null)
Hibernate: create table students (id bigint generated by default as identity, student_name varchar(255), avatar_id bigint, primary key (id))
Hibernate: alter table if exists emails add constraint FKt8n2ta94msexownml4wddr6ug foreign key (student_id) references students
Hibernate: alter table if exists student_courses add constraint FKsfpq78oyrqua1h0obpl7ulc18 foreign key (course_id) references courses
Hibernate: alter table if exists student_courses add constraint FKwj1l0mta35u161acdl2tupoo foreign key (student_id) references students
Hibernate: alter table if exists students add constraint FKaw1ddp6krgxjis7t4i5h38d4d foreign key (avatar_id) references avatars
Hibernate: insert into avatars (id, photo_url) values (default, ?)
Hibernate: insert into students (id, avatar_id, student_name) values (default, ?, ?)
Hibernate: insert into courses (id, course_name) values (default, ?)
Hibernate: insert into emails (id, email_address) values (default, ?)
Hibernate: insert into student_courses (student_id, course_id) values (?, ?)
Hibernate: update emails set student_id=? where id=?
Hibernate: insert into avatars (id, photo_url) values (default, ?)
Hibernate: insert into students (id, avatar_id, student_name) values (default, ?, ?)
Hibernate: insert into courses (id, course_name) values (default, ?)
Hibernate: insert into emails (id, email_address) values (default, ?)
Hibernate: insert into student_courses (student_id, course_id) values (?, ?)
Hibernate: update emails set student_id=? where id=?
Hibernate: insert into avatars (id, photo_url) values (default, ?)
Hibernate: insert into students (id, avatar_id, student_name) values (default, ?, ?)
Hibernate: insert into courses (id, course_name) values (default, ?)
Hibernate: insert into emails (id, email_address) values (default, ?)
Hibernate: insert into student_courses (student_id, course_id) values (?, ?)
Hibernate: update emails set student_id=? where id=?
Hibernate: insert into avatars (id, photo_url) values (default, ?)
Hibernate: insert into students (id, avatar_id, student_name) values (default, ?, ?)
Hibernate: insert into courses (id, course_name) values (default, ?)
Hibernate: insert into emails (id, email_address) values (default, ?)
Hibernate: insert into student_courses (student_id, course_id) values (?, ?)
Hibernate: update emails set student_id=? where id=?
Hibernate: insert into avatars (id, photo_url) values (default, ?)
Hibernate: insert into students (id, avatar_id, student_name) values (default, ?, ?)
Hibernate: insert into courses (id, course_name) values (default, ?)
Hibernate: insert into emails (id, email_address) values (default, ?)
Hibernate: insert into student_courses (student_id, course_id) values (?, ?)
Hibernate: update emails set student_id=? where id=?
Hibernate: insert into avatars (id, photo_url) values (default, ?)
Hibernate: insert into students (id, avatar_id, student_name) values (default, ?, ?)
Hibernate: insert into courses (id, course_name) values (default, ?)
Hibernate: insert into emails (id, email_address) values (default, ?)
Hibernate: insert into student_courses (student_id, course_id) values (?, ?)
Hibernate: update emails set student_id=? where id=?
Hibernate: insert into avatars (id, photo_url) values (default, ?)
Hibernate: insert into students (id, avatar_id, student_name) values (default, ?, ?)
Hibernate: insert into courses (id, course_name) values (default, ?)
Hibernate: insert into emails (id, email_address) values (default, ?)
Hibernate: insert into student_courses (student_id, course_id) values (?, ?)
Hibernate: update emails set student_id=? where id=?
Hibernate: insert into avatars (id, photo_url) values (default, ?)
Hibernate: insert into students (id, avatar_id, student_name) values (default, ?, ?)
Hibernate: insert into courses (id, course_name) values (default, ?)
Hibernate: insert into emails (id, email_address) values (default, ?)
Hibernate: insert into student_courses (student_id, course_id) values (?, ?)
Hibernate: update emails set student_id=? where id=?
Hibernate: insert into avatars (id, photo_url) values (default, ?)
Hibernate: insert into students (id, avatar_id, student_name) values (default, ?, ?)
Hibernate: insert into courses (id, course_name) values (default, ?)
Hibernate: insert into emails (id, email_address) values (default, ?)
Hibernate: insert into student_courses (student_id, course_id) values (?, ?)
Hibernate: update emails set student_id=? where id=?
Hibernate: insert into avatars (id, photo_url) values (default, ?)
Hibernate: insert into students (id, avatar_id, student_name) values (default, ?, ?)
Hibernate: insert into courses (id, course_name) values (default, ?)
Hibernate: insert into emails (id, email_address) values (default, ?)
Hibernate: insert into student_courses (student_id, course_id) values (?, ?)
Hibernate: update emails set student_id=? where id=?
Hibernate: select o1_0.id,o1_0.avatar_id,o1_0.student_name from students o1_0
Hibernate: select a1_0.id,a1_0.photo_url from avatars a1_0 where a1_0.id=?
Hibernate: select a1_0.id,a1_0.photo_url from avatars a1_0 where a1_0.id=?
Hibernate: select a1_0.id,a1_0.photo_url from avatars a1_0 where a1_0.id=?
Hibernate: select a1_0.id,a1_0.photo_url from avatars a1_0 where a1_0.id=?
Hibernate: select a1_0.id,a1_0.photo_url from avatars a1_0 where a1_0.id=?
Hibernate: select a1_0.id,a1_0.photo_url from avatars a1_0 where a1_0.id=?
Hibernate: select a1_0.id,a1_0.photo_url from avatars a1_0 where a1_0.id=?
Hibernate: select a1_0.id,a1_0.photo_url from avatars a1_0 where a1_0.id=?
Hibernate: select a1_0.id,a1_0.photo_url from avatars a1_0 where a1_0.id=?
Hibernate: select a1_0.id,a1_0.photo_url from avatars a1_0 where a1_0.id=?
Hibernate: select c1_0.student_id,c1_1.id,c1_1.course_name from student_courses c1_0 join courses c1_1 on c1_1.id=c1_0.course_id where c1_0.student_id=?
Hibernate: select c1_0.student_id,c1_1.id,c1_1.course_name from student_courses c1_0 join courses c1_1 on c1_1.id=c1_0.course_id where c1_0.student_id=?
Hibernate: select c1_0.student_id,c1_1.id,c1_1.course_name from student_courses c1_0 join courses c1_1 on c1_1.id=c1_0.course_id where c1_0.student_id=?
Hibernate: select c1_0.student_id,c1_1.id,c1_1.course_name from student_courses c1_0 join courses c1_1 on c1_1.id=c1_0.course_id where c1_0.student_id=?
Hibernate: select c1_0.student_id,c1_1.id,c1_1.course_name from student_courses c1_0 join courses c1_1 on c1_1.id=c1_0.course_id where c1_0.student_id=?
Hibernate: select c1_0.student_id,c1_1.id,c1_1.course_name from student_courses c1_0 join courses c1_1 on c1_1.id=c1_0.course_id where c1_0.student_id=?
Hibernate: select c1_0.student_id,c1_1.id,c1_1.course_name from student_courses c1_0 join courses c1_1 on c1_1.id=c1_0.course_id where c1_0.student_id=?
Hibernate: select c1_0.student_id,c1_1.id,c1_1.course_name from student_courses c1_0 join courses c1_1 on c1_1.id=c1_0.course_id where c1_0.student_id=?
Hibernate: select c1_0.student_id,c1_1.id,c1_1.course_name from student_courses c1_0 join courses c1_1 on c1_1.id=c1_0.course_id where c1_0.student_id=?
Hibernate: select c1_0.student_id,c1_1.id,c1_1.course_name from student_courses c1_0 join courses c1_1 on c1_1.id=c1_0.course_id where c1_0.student_id=?
Hibernate: select e1_0.student_id,e1_0.id,e1_0.email_address from emails e1_0 where e1_0.student_id=?
Hibernate: select e1_0.student_id,e1_0.id,e1_0.email_address from emails e1_0 where e1_0.student_id=?
Hibernate: select e1_0.student_id,e1_0.id,e1_0.email_address from emails e1_0 where e1_0.student_id=?
Hibernate: select e1_0.student_id,e1_0.id,e1_0.email_address from emails e1_0 where e1_0.student_id=?
Hibernate: select e1_0.student_id,e1_0.id,e1_0.email_address from emails e1_0 where e1_0.student_id=?
Hibernate: select e1_0.student_id,e1_0.id,e1_0.email_address from emails e1_0 where e1_0.student_id=?
Hibernate: select e1_0.student_id,e1_0.id,e1_0.email_address from emails e1_0 where e1_0.student_id=?
Hibernate: select e1_0.student_id,e1_0.id,e1_0.email_address from emails e1_0 where e1_0.student_id=?
Hibernate: select e1_0.student_id,e1_0.id,e1_0.email_address from emails e1_0 where e1_0.student_id=?
Hibernate: select e1_0.student_id,e1_0.id,e1_0.email_address from emails e1_0 where e1_0.student_id=?
]]></system-out>
  <system-err><![CDATA[]]></system-err>
</testsuite>
