<?xml version="1.0" encoding="UTF-8"?>
<testsuite name="ru.otus.mainops.MainOperationsTest" tests="8" skipped="0" failures="0" errors="0" timestamp="2023-08-13T14:41:55" hostname="DESKTOP-798OPVM" time="1.028">
  <properties/>
  <testcase name="выкидывает исключение если вставляемая сущность в состоянии detached" classname="ru.otus.mainops.MainOperationsTest" time="0.263"/>
  <testcase name="persist вставляет сущность и ее связь в БД при наличии транзакции" classname="ru.otus.mainops.MainOperationsTest" time="0.126"/>
  <testcase name="merge при сохранении transient сущности работает как persist,а при сохранении detached делает дополнительный запрос в БД" classname="ru.otus.mainops.MainOperationsTest" time="0.114"/>
  <testcase name="изменения в сущности под управлением контекста попадают в БД при закрытии сессии" classname="ru.otus.mainops.MainOperationsTest" time="0.141"/>
  <testcase name="при доступе к LAZY полю за пределами сессии выкидывается исключение" classname="ru.otus.mainops.MainOperationsTest" time="0.089"/>
  <testcase name="find загружает сущность со связями" classname="ru.otus.mainops.MainOperationsTest" time="0.084"/>
  <testcase name="persist выкидывает исключение если вставляемая сущность содержит дочернюю в состоянии transient при выключенной каскадной операции PERSIST" classname="ru.otus.mainops.MainOperationsTest" time="0.104"/>
  <testcase name="persist не вставляет сущность в БД без транзакции" classname="ru.otus.mainops.MainOperationsTest" time="0.1"/>
  <system-out><![CDATA[2023-08-13_19:41:55.358 INFO  SQL dialect - HHH000400: Using dialect: org.hibernate.dialect.H2Dialect
Hibernate: drop table if exists avatars cascade 
Hibernate: drop table if exists students cascade 
Hibernate: drop table if exists teachers cascade 
Hibernate: drop sequence if exists teachers_SEQ
Hibernate: create sequence teachers_SEQ start with 1 increment by 50
Hibernate: create table avatars (id bigint generated by default as identity, photo_url varchar(255), primary key (id))
Hibernate: create table students (id bigint generated by default as identity, student_name varchar(255), avatar_id bigint not null, primary key (id))
Hibernate: create table teachers (id bigint not null, teacher_name varchar(255), avatar_id bigint, primary key (id))
Hibernate: alter table if exists students add constraint UK_rf2wov1e3uww63imid0paoo3r unique (avatar_id)
Hibernate: alter table if exists students add constraint FKaw1ddp6krgxjis7t4i5h38d4d foreign key (avatar_id) references avatars
Hibernate: alter table if exists teachers add constraint FK78xvdxwwndoc74cdopqmrlb42 foreign key (avatar_id) references avatars
2023-08-13_19:41:55.618 INFO  SQL dialect - HHH000400: Using dialect: org.hibernate.dialect.H2Dialect
Hibernate: drop table if exists avatars cascade 
Hibernate: drop table if exists students cascade 
Hibernate: drop table if exists teachers cascade 
Hibernate: drop sequence if exists teachers_SEQ
Hibernate: create sequence teachers_SEQ start with 1 increment by 50
Hibernate: create table avatars (id bigint generated by default as identity, photo_url varchar(255), primary key (id))
Hibernate: create table students (id bigint generated by default as identity, student_name varchar(255), avatar_id bigint not null, primary key (id))
Hibernate: create table teachers (id bigint not null, teacher_name varchar(255), avatar_id bigint, primary key (id))
Hibernate: alter table if exists students add constraint UK_rf2wov1e3uww63imid0paoo3r unique (avatar_id)
Hibernate: alter table if exists students add constraint FKaw1ddp6krgxjis7t4i5h38d4d foreign key (avatar_id) references avatars
Hibernate: alter table if exists teachers add constraint FK78xvdxwwndoc74cdopqmrlb42 foreign key (avatar_id) references avatars
Hibernate: insert into avatars (id, photo_url) values (default, ?)
Hibernate: insert into students (id, avatar_id, student_name) values (default, ?, ?)
2023-08-13_19:41:55.739 INFO  SQL dialect - HHH000400: Using dialect: org.hibernate.dialect.H2Dialect
Hibernate: drop table if exists avatars cascade 
Hibernate: drop table if exists students cascade 
Hibernate: drop table if exists teachers cascade 
Hibernate: drop sequence if exists teachers_SEQ
Hibernate: create sequence teachers_SEQ start with 1 increment by 50
Hibernate: create table avatars (id bigint generated by default as identity, photo_url varchar(255), primary key (id))
Hibernate: create table students (id bigint generated by default as identity, student_name varchar(255), avatar_id bigint not null, primary key (id))
Hibernate: create table teachers (id bigint not null, teacher_name varchar(255), avatar_id bigint, primary key (id))
Hibernate: alter table if exists students add constraint UK_rf2wov1e3uww63imid0paoo3r unique (avatar_id)
Hibernate: alter table if exists students add constraint FKaw1ddp6krgxjis7t4i5h38d4d foreign key (avatar_id) references avatars
Hibernate: alter table if exists teachers add constraint FK78xvdxwwndoc74cdopqmrlb42 foreign key (avatar_id) references avatars
Hibernate: insert into avatars (id, photo_url) values (default, ?)
Hibernate: select a1_0.id,a1_0.photo_url from avatars a1_0 where a1_0.id=?
Hibernate: update avatars set photo_url=? where id=?
2023-08-13_19:41:55.854 INFO  SQL dialect - HHH000400: Using dialect: org.hibernate.dialect.H2Dialect
Hibernate: drop table if exists avatars cascade 
Hibernate: drop table if exists students cascade 
Hibernate: drop table if exists teachers cascade 
Hibernate: drop sequence if exists teachers_SEQ
Hibernate: create sequence teachers_SEQ start with 1 increment by 50
Hibernate: create table avatars (id bigint generated by default as identity, photo_url varchar(255), primary key (id))
Hibernate: create table students (id bigint generated by default as identity, student_name varchar(255), avatar_id bigint not null, primary key (id))
Hibernate: create table teachers (id bigint not null, teacher_name varchar(255), avatar_id bigint, primary key (id))
Hibernate: alter table if exists students add constraint UK_rf2wov1e3uww63imid0paoo3r unique (avatar_id)
Hibernate: alter table if exists students add constraint FKaw1ddp6krgxjis7t4i5h38d4d foreign key (avatar_id) references avatars
Hibernate: alter table if exists teachers add constraint FK78xvdxwwndoc74cdopqmrlb42 foreign key (avatar_id) references avatars
Hibernate: insert into avatars (id, photo_url) values (default, ?)
Hibernate: insert into students (id, avatar_id, student_name) values (default, ?, ?)
Hibernate: update students set avatar_id=?, student_name=? where id=?
Hibernate: select o1_0.id,o1_0.avatar_id,o1_0.student_name from students o1_0 where o1_0.id=?
2023-08-13_19:41:55.992 INFO  SQL dialect - HHH000400: Using dialect: org.hibernate.dialect.H2Dialect
Hibernate: drop table if exists avatars cascade 
Hibernate: drop table if exists students cascade 
Hibernate: drop table if exists teachers cascade 
Hibernate: drop sequence if exists teachers_SEQ
Hibernate: create sequence teachers_SEQ start with 1 increment by 50
Hibernate: create table avatars (id bigint generated by default as identity, photo_url varchar(255), primary key (id))
Hibernate: create table students (id bigint generated by default as identity, student_name varchar(255), avatar_id bigint not null, primary key (id))
Hibernate: create table teachers (id bigint not null, teacher_name varchar(255), avatar_id bigint, primary key (id))
Hibernate: alter table if exists students add constraint UK_rf2wov1e3uww63imid0paoo3r unique (avatar_id)
Hibernate: alter table if exists students add constraint FKaw1ddp6krgxjis7t4i5h38d4d foreign key (avatar_id) references avatars
Hibernate: alter table if exists teachers add constraint FK78xvdxwwndoc74cdopqmrlb42 foreign key (avatar_id) references avatars
Hibernate: insert into avatars (id, photo_url) values (default, ?)
Hibernate: insert into students (id, avatar_id, student_name) values (default, ?, ?)
Hibernate: select o1_0.id,o1_0.avatar_id,o1_0.student_name from students o1_0 where o1_0.id=?
2023-08-13_19:41:56.086 INFO  SQL dialect - HHH000400: Using dialect: org.hibernate.dialect.H2Dialect
Hibernate: drop table if exists avatars cascade 
Hibernate: drop table if exists students cascade 
Hibernate: drop table if exists teachers cascade 
Hibernate: drop sequence if exists teachers_SEQ
Hibernate: create sequence teachers_SEQ start with 1 increment by 50
Hibernate: create table avatars (id bigint generated by default as identity, photo_url varchar(255), primary key (id))
Hibernate: create table students (id bigint generated by default as identity, student_name varchar(255), avatar_id bigint not null, primary key (id))
Hibernate: create table teachers (id bigint not null, teacher_name varchar(255), avatar_id bigint, primary key (id))
Hibernate: alter table if exists students add constraint UK_rf2wov1e3uww63imid0paoo3r unique (avatar_id)
Hibernate: alter table if exists students add constraint FKaw1ddp6krgxjis7t4i5h38d4d foreign key (avatar_id) references avatars
Hibernate: alter table if exists teachers add constraint FK78xvdxwwndoc74cdopqmrlb42 foreign key (avatar_id) references avatars
Hibernate: insert into avatars (id, photo_url) values (default, ?)
Hibernate: insert into students (id, avatar_id, student_name) values (default, ?, ?)
Hibernate: select o1_0.id,o1_0.avatar_id,o1_0.student_name from students o1_0 where o1_0.id=?
Hibernate: select a1_0.id,a1_0.photo_url from avatars a1_0 where a1_0.id=?
2023-08-13_19:41:56.166 INFO  SQL dialect - HHH000400: Using dialect: org.hibernate.dialect.H2Dialect
Hibernate: drop table if exists avatars cascade 
Hibernate: drop table if exists students cascade 
Hibernate: drop table if exists teachers cascade 
Hibernate: drop sequence if exists teachers_SEQ
Hibernate: create sequence teachers_SEQ start with 1 increment by 50
Hibernate: create table avatars (id bigint generated by default as identity, photo_url varchar(255), primary key (id))
Hibernate: create table students (id bigint generated by default as identity, student_name varchar(255), avatar_id bigint not null, primary key (id))
Hibernate: create table teachers (id bigint not null, teacher_name varchar(255), avatar_id bigint, primary key (id))
Hibernate: alter table if exists students add constraint UK_rf2wov1e3uww63imid0paoo3r unique (avatar_id)
Hibernate: alter table if exists students add constraint FKaw1ddp6krgxjis7t4i5h38d4d foreign key (avatar_id) references avatars
Hibernate: alter table if exists teachers add constraint FK78xvdxwwndoc74cdopqmrlb42 foreign key (avatar_id) references avatars
Hibernate: select next value for teachers_SEQ
2023-08-13_19:41:56.275 INFO  SQL dialect - HHH000400: Using dialect: org.hibernate.dialect.H2Dialect
Hibernate: drop table if exists avatars cascade 
Hibernate: drop table if exists students cascade 
Hibernate: drop table if exists teachers cascade 
Hibernate: drop sequence if exists teachers_SEQ
Hibernate: create sequence teachers_SEQ start with 1 increment by 50
Hibernate: create table avatars (id bigint generated by default as identity, photo_url varchar(255), primary key (id))
Hibernate: create table students (id bigint generated by default as identity, student_name varchar(255), avatar_id bigint not null, primary key (id))
Hibernate: create table teachers (id bigint not null, teacher_name varchar(255), avatar_id bigint, primary key (id))
Hibernate: alter table if exists students add constraint UK_rf2wov1e3uww63imid0paoo3r unique (avatar_id)
Hibernate: alter table if exists students add constraint FKaw1ddp6krgxjis7t4i5h38d4d foreign key (avatar_id) references avatars
Hibernate: alter table if exists teachers add constraint FK78xvdxwwndoc74cdopqmrlb42 foreign key (avatar_id) references avatars
]]></system-out>
  <system-err><![CDATA[]]></system-err>
</testsuite>
